18
0 1
1 2
2 1
3 2
4 1
5 1
6 1
7 3
8 3
9 2
10 1
11 1
12 3
13 1
14 2
15 1
16 1
17 2
18 1
19 2
20 1
21 1
22 1
23 1
24 2
25 2
26 3
27 1
28 1
29 1
30 1
31 2
32 2
33 1
34 2
35 2
36 1
37 2
38 1
39 2
40 2
41 1
42 1
43 1
44 1
45 1
46 3
47 3
48 2
49 1
50 1
51 2
52 3
53 2
54 1
55 2
56 1
57 2
58 1
59 1
60 2
61 1
62 1
63 1
64 3
65 1
66 2
67 1
68 2
69 2
70 3
71 1
72 1
73 2
74 2
75 3
76 2
77 1
78 2
79 2
80 1
81 2
82 2
83 2
84 2
85 3
86 2
87 1
88 2
89 3
90 1
91 2
92 1
93 3
94 1
95 1
96 2
97 2
98 3
99 1
100 2
101 1
102 1
103 2
104 2
105 2
106 1
107 2
108 3
109 2
110 2
111 1
112 3
113 2
114 1
115 2
116 3
117 1
118 2
119 2
120 1
121 2
122 1
123 2
124 3
125 3
126 3
127 1
128 1
129 2
130 2
131 1
132 3
133 1
134 2
135 1
136 1
137 3
138 1
139 1
140 1
141 2
142 3
143 1
144 1
145 1
146 2
147 1
148 3
149 2
150 2
151 2
152 2
153 3
154 1
155 1
156 1
157 1
158 1
159 1
160 3
161 2
162 2
163 3
164 2
165 1
166 2
167 2
168 1
169 2
170 1
171 3
172 1
173 2
174 1
175 3
176 2
177 1
178 1
179 1
180 2
181 3
182 3
183 2
184 2
185 1
186 1
187 1
188 2
189 2
190 3
191 2
192 3
193 3
194 3
195 2
196 3
197 1
198 2
199 1
200 3
201 1
202 3
203 1
204 3
205 2
206 2
207 3
208 3
209 2
210 2
211 2
212 1
213 3
214 2
215 1
216 1
217 1
218 1
219 2
220 1
221 2
222 3
223 2
224 3
225 3
226 1
227 3
228 3
229 3
230 2
231 2
232 2
233 3
234 2
235 3
236 1
237 2
238 3
239 2
240 2
241 2
242 2
243 3
244 1
245 3
246 3
247 2
248 3
249 3
250 1
251 2
252 3
253 3
254 1
255 2
256 1
257 3
258 3
259 3
260 1
261 3
262 3
263 3
264 2
265 3
266 3
267 2
268 1
269 3
270 2
271 2
272 2
273 2
274 1
275 3
276 2
277 2
278 1
279 2
280 2
281 2
282 2
283 3
284 3
285 1
286 2
287 3
288 1
289 2
290 3
291 3
292 1
293 3
294 1
295 1
296 3
297 3
298 1
299 3
